1
0
1
ASSEMBLY
1
PARTASSIGNMENT1-1
PARTASSIGNMENT1
1
PARTASSIGNMENT1-1
39
1 1
2 2
3 3
4 4
5 5
6 6
7 7
8 8
9 9
10 10
11 11
12 12
13 13
14 14
15 15
16 16
17 17
18 18
19 19
20 20
21 21
22 22
23 23
24 24
25 25
26 26
27 27
28 28
29 29
30 30
31 31
32 32
33 33
34 34
35 35
36 36
37 37
38 38
39 39
1 1
2 2
3 3
4 4
5 5
6 6
7 7
8 8
9 9
10 10
11 11
12 12
13 13
14 14
15 15
16 16
17 17
18 18
19 19
20 20
21 21
22 22
23 23
24 24
25 25
26 26
27 27
28 28
29 29
30 30
31 31
32 32
33 33
34 34
35 35
36 36
37 37
38 38
39 39
0
1
PARTASSIGNMENT1-1
24
1 1
2 2
3 3
4 4
5 5
6 6
7 7
8 8
9 9
10 10
11 11
12 12
13 13
14 14
15 15
16 16
17 17
18 18
19 19
20 20
21 21
22 22
23 23
24 24
1 1
2 2
3 3
4 4
5 5
6 6
7 7
8 8
9 9
10 10
11 11
12 12
13 13
14 14
15 15
16 16
17 17
18 18
19 19
20 20
21 21
22 22
23 23
24 24
0
1
SET-1
0
1
0
1
PARTASSIGNMENT1-1
2
12 24 
0
1
PARTASSIGNMENT1-1
1
SET-1
0
1
24
1 2 3 4 5 6 7 8 9 10 11 12 13 14 15 16 17 18 19 20 21 22 23 24 
0
0
0
3
SET-1
0
1
0
1
PARTASSIGNMENT1-1
3
13 26 39 
0
SET-2
0
1
0
1
PARTASSIGNMENT1-1
1
27 
0
SET-3
0
1
0
1
PARTASSIGNMENT1-1
1
1 
0
1
PARTASSIGNMENT1-1
1
SET-1
0
1
39
1 2 3 4 5 6 7 8 9 10 11 12 13 14 15 16 17 18 19 20 21 22 23 24 25 26 27 28 29 30 31 32 33 34 35 36 37 38 39 
0
0
0
0
0
