Analysis initiated from SIMULIA established products
Abaqus JOB Global_Model
Abaqus 3DEXPERIENCE R2016x
Abaqus License Manager checked out the following licenses:
Abaqus/Standard checked out 5 tokens from Flexnet server 130.92.125.156.
<470 out of 480 licenses remain available>.
Begin Analysis Input File Processor
Mon Apr 16 09:46:45 2018
Run pre
Mon Apr 16 09:46:48 2018
End Analysis Input File Processor
Begin Abaqus/Standard Analysis
Mon Apr 16 09:46:48 2018
Run standard
Mon Apr 16 09:46:51 2018
End Abaqus/Standard Analysis
Begin MFS->SFS and SIM cleanup
Mon Apr 16 09:46:51 2018
Run SMASimUtility
Mon Apr 16 09:46:51 2018
End MFS->SFS and SIM cleanup
Abaqus JOB Global_Model COMPLETED
