Analysis initiated from SIMULIA established products
Abaqus JOB Submodel_AB_5-job
Abaqus 3DEXPERIENCE R2016x
Abaqus License Manager checked out the following licenses:
Abaqus/Standard checked out 5 tokens from Flexnet server 130.92.125.156.
<475 out of 480 licenses remain available>.
Begin Analysis Input File Processor
Thu Apr 19 19:54:47 2018
Run pre
Thu Apr 19 19:54:49 2018
End Analysis Input File Processor
Begin Abaqus/Standard Analysis
Thu Apr 19 19:54:49 2018
Run standard
Thu Apr 19 19:54:52 2018
End Abaqus/Standard Analysis
Begin MFS->SFS and SIM cleanup
Thu Apr 19 19:54:52 2018
Run SMASimUtility
Thu Apr 19 19:54:52 2018
End MFS->SFS and SIM cleanup
Abaqus JOB Submodel_AB_5-job COMPLETED
