********************************************************************************
Field Output Report, written Thu Apr 12 20:31:55 2018

Source 1
---------

   ODB: /home/fe1/Desktop/FiniteElementsAnalysis/assignment1/CPS8_2_12/CPS8_2_12.odb
   Step: Load
   Frame: Increment      1: Step Time =    1.000

Loc 1 : Nodal values from source 1

Output sorted by column "Node Label".

Field Output reported at nodes for part: PARTASSIGNMENT1-1

      Node Label     U.Magnitude            U.U1            U.U2
                          @Loc 1          @Loc 1          @Loc 1
-----------------------------------------------------------------
               1         11.9617     299.285E-03        -11.9579
               2         10.4692     297.165E-03        -10.4650
               3         8.99763     290.916E-03        -8.99292
               4         7.56774     280.498E-03        -7.56254
               5         6.20037     265.915E-03        -6.19466
               6         4.91633     247.165E-03        -4.91012
               7         3.73647     224.248E-03        -3.72974
               8         2.68162     197.164E-03        -2.67436
               9         1.77259     165.917E-03        -1.76481
              10         1.03023     130.493E-03        -1.02194
              11     475.279E-03     90.9498E-03    -466.495E-03
              12     128.386E-03     47.1442E-03    -119.416E-03
              13              0.     847.322E-36    -1.10614E-33
              14         11.9578    -366.143E-15        -11.9578
              15         10.4648    -351.386E-15        -10.4648
              16         8.99267    -333.567E-15        -8.99267
              17         7.56217    -310.668E-15        -7.56217
              18         6.19416    -284.023E-15        -6.19416
              19         4.90949    -247.135E-15        -4.90949
              20         3.72899    -213.267E-15        -3.72899
              21         2.67348    -181.148E-15        -2.67348
              22         1.76381    -145.918E-15        -1.76381
              23         1.02082    -109.926E-15        -1.02082
              24     465.281E-03    -73.0839E-15    -465.281E-03
              25     118.262E-03    -36.3184E-15    -118.262E-03
              26              0.             -0.    -522.521E-36
              27         11.9617    -299.285E-03        -11.9579
              28         10.4692    -297.165E-03        -10.4650
              29         8.99763    -290.916E-03        -8.99292
              30         7.56774    -280.498E-03        -7.56254
              31         6.20037    -265.915E-03        -6.19466
              32         4.91633    -247.165E-03        -4.91012
              33         3.73647    -224.248E-03        -3.72974
              34         2.68162    -197.164E-03        -2.67436
              35         1.77259    -165.917E-03        -1.76481
              36         1.03023    -130.493E-03        -1.02194
              37     475.279E-03    -90.9498E-03    -466.495E-03
              38     128.386E-03    -47.1442E-03    -119.416E-03
              39              0.    -847.322E-36    -1.10614E-33
              40         11.2141     298.571E-03        -11.2101
              41         10.4659     148.560E-03        -10.4649
              42         11.2100    -365.774E-15        -11.2100
              43         11.9588     149.612E-03        -11.9579
              44         9.72949     294.402E-03        -9.72504
              45         8.99391     145.434E-03        -8.99273
              46         9.72485    -345.945E-15        -9.72485
              47         8.27617     286.069E-03        -8.27122
              48         7.56356     140.225E-03        -7.56226
              49         8.27091    -315.081E-15        -8.27091
              50         6.87493     273.569E-03        -6.86949
              51         6.19571     132.933E-03        -6.19429
              52         6.86905    -295.430E-15        -6.86905
              53         5.54662     256.902E-03        -5.54067
              54         4.91120     123.558E-03        -4.90965
              55         5.54011    -265.574E-15        -5.54011
              56         4.31207     236.069E-03        -4.30560
              57         3.73086     112.100E-03        -3.72917
              58         4.30492    -225.724E-15        -4.30492
              59         3.19211     211.069E-03        -3.18512
              60         2.67552     98.5583E-03        -2.67370
              61         3.18431    -199.904E-15        -3.18431
              62         2.20756     181.902E-03        -2.20005
              63         1.76601     82.9343E-03        -1.76406
              64         2.19912    -163.557E-15        -2.19912
              65         1.37926     148.569E-03        -1.37123
              66         1.02317     65.2229E-03        -1.02109
              67         1.37017    -127.537E-15        -1.37017
              68     728.036E-03     111.069E-03    -719.514E-03
              69     467.815E-03     45.4503E-03    -465.602E-03
              70     718.323E-03    -91.9265E-15    -718.323E-03
              71     274.575E-03     69.4059E-03    -265.658E-03
              72     120.714E-03     23.5412E-03    -118.397E-03
              73     264.313E-03    -54.1962E-15    -264.313E-03
              74     38.7452E-03     23.5605E-03    -30.7586E-03
              75              0.     1.30536E-33     1.34240E-33
              76     29.1504E-03    -17.5968E-15    -29.1504E-03
              77         10.4659    -148.560E-03        -10.4649
              78         11.2141    -298.571E-03        -11.2101
              79         11.9588    -149.612E-03        -11.9579
              80         8.99391    -145.434E-03        -8.99273
              81         9.72949    -294.402E-03        -9.72504
              82         7.56356    -140.225E-03        -7.56226
              83         8.27617    -286.069E-03        -8.27122
              84         6.19571    -132.933E-03        -6.19429
              85         6.87493    -273.569E-03        -6.86949
              86         4.91120    -123.558E-03        -4.90965
              87         5.54662    -256.902E-03        -5.54067
              88         3.73086    -112.100E-03        -3.72917
              89         4.31207    -236.069E-03        -4.30560
              90         2.67552    -98.5583E-03        -2.67370
              91         3.19211    -211.069E-03        -3.18512
              92         1.76601    -82.9343E-03        -1.76406
              93         2.20756    -181.902E-03        -2.20005
              94         1.02317    -65.2229E-03        -1.02109
              95         1.37926    -148.569E-03        -1.37123
              96     467.815E-03    -45.4503E-03    -465.602E-03
              97     728.036E-03    -111.069E-03    -719.514E-03
              98     120.714E-03    -23.5412E-03    -118.397E-03
              99     274.575E-03    -69.4059E-03    -265.658E-03
             100              0.    -1.30536E-33     1.34240E-33
             101     38.7452E-03    -23.5605E-03    -30.7586E-03


  Minimum                     0.    -299.285E-03        -11.9579
         At Node             100              27              27

  Maximum                11.9617     299.285E-03     1.34240E-33
         At Node              27               1             100

           Total         460.706    -5.12079E-12        -460.353


