Analysis initiated from SIMULIA established products
Abaqus JOB CPS8_2_12
Abaqus 3DEXPERIENCE R2016x
Abaqus License Manager checked out the following licenses:
Abaqus/Standard checked out 5 tokens from Flexnet server 130.92.125.156.
<475 out of 480 licenses remain available>.
Begin Analysis Input File Processor
Thu Apr 12 20:30:14 2018
Run pre
Thu Apr 12 20:30:18 2018
End Analysis Input File Processor
Begin Abaqus/Standard Analysis
Thu Apr 12 20:30:18 2018
Run standard
Thu Apr 12 20:30:22 2018
End Abaqus/Standard Analysis
Begin MFS->SFS and SIM cleanup
Thu Apr 12 20:30:22 2018
Run SMASimUtility
Thu Apr 12 20:30:22 2018
End MFS->SFS and SIM cleanup
Abaqus JOB CPS8_2_12 COMPLETED
