********************************************************************************
Field Output Report, written Thu Apr 12 18:54:20 2018

Source 1
---------

   ODB: /home/fe1/CPS4_2_12.odb
   Step: Load
   Frame: Increment      1: Step Time =    1.000

Loc 1 : Nodal values from source 1

Output sorted by column "Node Label".

Field Output reported at nodes for part: PARTASSIGNMENT1-1

      Node Label     U.Magnitude            U.U1            U.U2
                          @Loc 1          @Loc 1          @Loc 1
-----------------------------------------------------------------
               1     3.49836E-06     87.3955E-09    -3.49727E-06
               2     3.06228E-06     86.8035E-09    -3.06105E-06
               3     2.63226E-06     84.9787E-09    -2.63089E-06
               4     2.21441E-06     81.9404E-09    -2.21289E-06
               5     1.81478E-06     77.6871E-09    -1.81312E-06
               6     1.43946E-06     72.2183E-09    -1.43765E-06
               7     1.09453E-06     65.5343E-09    -1.09257E-06
               8     786.055E-09     57.6348E-09    -783.939E-09
               9     520.113E-09     48.5208E-09    -517.845E-09
              10     302.789E-09     38.1889E-09    -300.371E-09
              11     140.106E-09     26.6515E-09    -137.548E-09
              12     38.2342E-09     13.8614E-09    -35.6330E-09
              13              0.     1.50000E-33    -315.983E-36
              14     3.49727E-06    -13.7056E-12    -3.49727E-06
              15     3.06101E-06     4.74065E-12    -3.06101E-06
              16     2.63082E-06    -1.45076E-12    -2.63082E-06
              17     2.21278E-06     411.671E-15    -2.21278E-06
              18     1.81297E-06    -110.582E-15    -1.81297E-06
              19     1.43747E-06     28.4034E-15    -1.43747E-06
              20     1.09235E-06    -7.01131E-15    -1.09235E-06
              21     783.683E-09     1.66338E-15    -783.683E-09
              22     517.555E-09    -380.426E-18    -517.555E-09
              23     300.036E-09     81.5340E-18    -300.036E-09
              24     137.213E-09    -17.8733E-18    -137.213E-09
              25     35.1184E-09     1.80357E-18    -35.1184E-09
              26              0.             -0.     581.965E-36
              27     3.49843E-06    -87.4348E-09    -3.49734E-06
              28     3.06226E-06    -86.7967E-09    -3.06103E-06
              29     2.63227E-06    -84.9795E-09    -2.63090E-06
              30     2.21441E-06    -81.9404E-09    -2.21289E-06
              31     1.81478E-06    -77.6870E-09    -1.81312E-06
              32     1.43946E-06    -72.2183E-09    -1.43765E-06
              33     1.09453E-06    -65.5343E-09    -1.09257E-06
              34     786.055E-09    -57.6348E-09    -783.939E-09
              35     520.113E-09    -48.5208E-09    -517.845E-09
              36     302.789E-09    -38.1889E-09    -300.371E-09
              37     140.106E-09    -26.6515E-09    -137.548E-09
              38     38.2342E-09    -13.8614E-09    -35.6330E-09
              39              0.    -1.50000E-33    -315.983E-36


  Minimum                     0.    -87.4348E-09    -3.49734E-06
         At Node              39              27              27

  Maximum            3.49843E-06     87.3955E-09     581.965E-36
         At Node              27               1              26

           Total     52.6051E-06    -43.4447E-12    -52.5599E-06


********************************************************************************
Field Output Report, written Thu Apr 12 18:54:52 2018

Source 1
---------

   ODB: /home/fe1/CPS4_2_12.odb
   Step: Load
   Frame: Increment      1: Step Time =    1.000

Loc 1 : Nodal values from source 1

Output sorted by column "Node Label".

Field Output reported at nodes for part: PARTASSIGNMENT1-1

      Node Label     U.Magnitude            U.U1            U.U2
                          @Loc 1          @Loc 1          @Loc 1
-----------------------------------------------------------------
               1     3.49836E-06     87.3955E-09    -3.49727E-06
               2     3.06228E-06     86.8035E-09    -3.06105E-06
               3     2.63226E-06     84.9787E-09    -2.63089E-06
               4     2.21441E-06     81.9404E-09    -2.21289E-06
               5     1.81478E-06     77.6871E-09    -1.81312E-06
               6     1.43946E-06     72.2183E-09    -1.43765E-06
               7     1.09453E-06     65.5343E-09    -1.09257E-06
               8     786.055E-09     57.6348E-09    -783.939E-09
               9     520.113E-09     48.5208E-09    -517.845E-09
              10     302.789E-09     38.1889E-09    -300.371E-09
              11     140.106E-09     26.6515E-09    -137.548E-09
              12     38.2342E-09     13.8614E-09    -35.6330E-09
              13              0.     1.50000E-33    -315.983E-36
              14     3.49727E-06    -13.7056E-12    -3.49727E-06
              15     3.06101E-06     4.74065E-12    -3.06101E-06
              16     2.63082E-06    -1.45076E-12    -2.63082E-06
              17     2.21278E-06     411.671E-15    -2.21278E-06
              18     1.81297E-06    -110.582E-15    -1.81297E-06
              19     1.43747E-06     28.4034E-15    -1.43747E-06
              20     1.09235E-06    -7.01131E-15    -1.09235E-06
              21     783.683E-09     1.66338E-15    -783.683E-09
              22     517.555E-09    -380.426E-18    -517.555E-09
              23     300.036E-09     81.5340E-18    -300.036E-09
              24     137.213E-09    -17.8733E-18    -137.213E-09
              25     35.1184E-09     1.80357E-18    -35.1184E-09
              26              0.             -0.     581.965E-36
              27     3.49843E-06    -87.4348E-09    -3.49734E-06
              28     3.06226E-06    -86.7967E-09    -3.06103E-06
              29     2.63227E-06    -84.9795E-09    -2.63090E-06
              30     2.21441E-06    -81.9404E-09    -2.21289E-06
              31     1.81478E-06    -77.6870E-09    -1.81312E-06
              32     1.43946E-06    -72.2183E-09    -1.43765E-06
              33     1.09453E-06    -65.5343E-09    -1.09257E-06
              34     786.055E-09    -57.6348E-09    -783.939E-09
              35     520.113E-09    -48.5208E-09    -517.845E-09
              36     302.789E-09    -38.1889E-09    -300.371E-09
              37     140.106E-09    -26.6515E-09    -137.548E-09
              38     38.2342E-09    -13.8614E-09    -35.6330E-09
              39              0.    -1.50000E-33    -315.983E-36


  Minimum                     0.    -87.4348E-09    -3.49734E-06
         At Node              39              27              27

  Maximum            3.49843E-06     87.3955E-09     581.965E-36
         At Node              27               1              26

           Total     52.6051E-06    -43.4447E-12    -52.5599E-06


********************************************************************************
Field Output Report, written Thu Apr 12 19:08:31 2018

Source 1
---------

   ODB: /home/fe1/CPS4_2_12.odb
   Step: Load
   Frame: Increment      1: Step Time =    1.000

Loc 1 : Nodal values from source 1

Output sorted by column "Node Label".

Field Output reported at nodes for part: PARTASSIGNMENT1-1

      Node Label     U.Magnitude            U.U1            U.U2
                          @Loc 1          @Loc 1          @Loc 1
-----------------------------------------------------------------
               1         3.49839     87.4151E-03        -3.49730
               2         3.06227     86.8001E-03        -3.06104
               3         2.63227     84.9791E-03        -2.63089
               4         2.21441     81.9404E-03        -2.21289
               5         1.81478     77.6871E-03        -1.81312
               6         1.43946     72.2183E-03        -1.43765
               7         1.09453     65.5343E-03        -1.09257
               8     786.055E-03     57.6348E-03    -783.939E-03
               9     520.113E-03     48.5208E-03    -517.845E-03
              10     302.789E-03     38.1889E-03    -300.371E-03
              11     140.106E-03     26.6515E-03    -137.548E-03
              12     38.2342E-03     13.8614E-03    -35.6330E-03
              13              0.     1.50000E-33    -315.983E-36
              14         3.49727    -11.3243E-15        -3.49727
              15         3.06101    -11.1161E-15        -3.06101
              16         2.63082    -10.2401E-15        -2.63082
              17         2.21278    -9.65020E-15        -2.21278
              18         1.81297    -9.07720E-15        -1.81297
              19         1.43747    -8.72963E-15        -1.43747
              20         1.09235    -8.42772E-15        -1.09235
              21     783.683E-03    -7.27196E-15    -783.683E-03
              22     517.555E-03    -5.82867E-15    -517.555E-03
              23     300.036E-03    -4.40628E-15    -300.036E-03
              24     137.213E-03    -3.00984E-15    -137.213E-03
              25     35.1184E-03    -1.47284E-15    -35.1184E-03
              26              0.             -0.     581.965E-36
              27         3.49839    -87.4151E-03        -3.49730
              28         3.06227    -86.8001E-03        -3.06104
              29         2.63227    -84.9791E-03        -2.63089
              30         2.21441    -81.9404E-03        -2.21289
              31         1.81478    -77.6871E-03        -1.81312
              32         1.43946    -72.2183E-03        -1.43765
              33         1.09453    -65.5343E-03        -1.09257
              34     786.055E-03    -57.6348E-03    -783.939E-03
              35     520.113E-03    -48.5208E-03    -517.845E-03
              36     302.789E-03    -38.1889E-03    -300.371E-03
              37     140.106E-03    -26.6515E-03    -137.548E-03
              38     38.2342E-03    -13.8614E-03    -35.6330E-03
              39              0.    -1.50000E-33    -315.983E-36


  Minimum                     0.    -87.4151E-03        -3.49730
         At Node              39              27              27

  Maximum                3.49839     87.4151E-03     581.965E-36
         At Node              27               1              26

           Total         52.6051    -90.5942E-15        -52.5599


********************************************************************************
Field Output Report, written Thu Apr 12 19:08:34 2018

Source 1
---------

   ODB: /home/fe1/CPS4_2_12.odb
   Step: Load
   Frame: Increment      1: Step Time =    1.000

Loc 1 : Nodal values from source 1

Output sorted by column "Node Label".

Field Output reported at nodes for part: PARTASSIGNMENT1-1

      Node Label     U.Magnitude            U.U1            U.U2
                          @Loc 1          @Loc 1          @Loc 1
-----------------------------------------------------------------
               1         3.49839     87.4151E-03        -3.49730
               2         3.06227     86.8001E-03        -3.06104
               3         2.63227     84.9791E-03        -2.63089
               4         2.21441     81.9404E-03        -2.21289
               5         1.81478     77.6871E-03        -1.81312
               6         1.43946     72.2183E-03        -1.43765
               7         1.09453     65.5343E-03        -1.09257
               8     786.055E-03     57.6348E-03    -783.939E-03
               9     520.113E-03     48.5208E-03    -517.845E-03
              10     302.789E-03     38.1889E-03    -300.371E-03
              11     140.106E-03     26.6515E-03    -137.548E-03
              12     38.2342E-03     13.8614E-03    -35.6330E-03
              13              0.     1.50000E-33    -315.983E-36
              14         3.49727    -11.3243E-15        -3.49727
              15         3.06101    -11.1161E-15        -3.06101
              16         2.63082    -10.2401E-15        -2.63082
              17         2.21278    -9.65020E-15        -2.21278
              18         1.81297    -9.07720E-15        -1.81297
              19         1.43747    -8.72963E-15        -1.43747
              20         1.09235    -8.42772E-15        -1.09235
              21     783.683E-03    -7.27196E-15    -783.683E-03
              22     517.555E-03    -5.82867E-15    -517.555E-03
              23     300.036E-03    -4.40628E-15    -300.036E-03
              24     137.213E-03    -3.00984E-15    -137.213E-03
              25     35.1184E-03    -1.47284E-15    -35.1184E-03
              26              0.             -0.     581.965E-36
              27         3.49839    -87.4151E-03        -3.49730
              28         3.06227    -86.8001E-03        -3.06104
              29         2.63227    -84.9791E-03        -2.63089
              30         2.21441    -81.9404E-03        -2.21289
              31         1.81478    -77.6871E-03        -1.81312
              32         1.43946    -72.2183E-03        -1.43765
              33         1.09453    -65.5343E-03        -1.09257
              34     786.055E-03    -57.6348E-03    -783.939E-03
              35     520.113E-03    -48.5208E-03    -517.845E-03
              36     302.789E-03    -38.1889E-03    -300.371E-03
              37     140.106E-03    -26.6515E-03    -137.548E-03
              38     38.2342E-03    -13.8614E-03    -35.6330E-03
              39              0.    -1.50000E-33    -315.983E-36


  Minimum                     0.    -87.4151E-03        -3.49730
         At Node              39              27              27

  Maximum                3.49839     87.4151E-03     581.965E-36
         At Node              27               1              26

           Total         52.6051    -90.5942E-15        -52.5599


