********************************************************************************
Field Output Report, written Thu Apr 12 23:29:54 2018

Source 1
---------

   ODB: /home/fe1/Desktop/FiniteElementsAnalysis/assignment1/CPS8R_2_12/CPS8R_2_12.odb
   Step: Load
   Frame: Increment      1: Step Time =    1.000

Loc 1 : Nodal values from source 1

Output sorted by column "Node Label".

Field Output reported at nodes for part: PARTASSIGNMENT1-1

      Node Label     U.Magnitude            U.U1            U.U2
                          @Loc 1          @Loc 1          @Loc 1
-----------------------------------------------------------------
               1         11.9859     299.593E-03        -11.9821
               2         10.4913     297.479E-03        -10.4871
               3         9.01768     291.233E-03        -9.01298
               4         7.58571     280.813E-03        -7.58051
               5         6.21625     266.230E-03        -6.21055
               6         4.93013     247.481E-03        -4.92391
               7         3.74817     224.567E-03        -3.74144
               8         2.69122     197.487E-03        -2.68396
               9         1.78007     166.247E-03        -1.77229
              10         1.03558     130.832E-03        -1.02728
              11     478.487E-03     91.2991E-03    -469.696E-03
              12     129.506E-03     47.4567E-03    -120.497E-03
              13              0.     859.188E-36    -814.624E-36
              14         11.9819    -419.477E-15        -11.9819
              15         10.4869    -415.404E-15        -10.4869
              16         9.01266    -394.518E-15        -9.01266
              17         7.58011    -356.548E-15        -7.58011
              18         6.21006    -329.181E-15        -6.21006
              19         4.92334    -299.697E-15        -4.92334
              20         3.74079    -263.414E-15        -3.74079
              21         2.68325    -225.037E-15        -2.68325
              22         1.77156    -182.868E-15        -1.77156
              23         1.02656    -136.843E-15        -1.02656
              24     469.073E-03    -90.8050E-15    -469.073E-03
              25     120.070E-03    -45.6692E-15    -120.070E-03
              26              0.             -0.    -1.15237E-33
              27         11.9859    -299.593E-03        -11.9821
              28         10.4913    -297.479E-03        -10.4871
              29         9.01768    -291.233E-03        -9.01298
              30         7.58571    -280.813E-03        -7.58051
              31         6.21625    -266.230E-03        -6.21055
              32         4.93013    -247.481E-03        -4.92391
              33         3.74817    -224.567E-03        -3.74144
              34         2.69122    -197.487E-03        -2.68396
              35         1.78007    -166.247E-03        -1.77229
              36         1.03558    -130.832E-03        -1.02728
              37     478.487E-03    -91.2991E-03    -469.696E-03
              38     129.506E-03    -47.4567E-03    -120.497E-03
              39              0.    -859.188E-36    -814.624E-36
              40         11.2372     299.033E-03        -11.2332
              41         10.4880     148.720E-03        -10.4870
              42         11.2332    -427.249E-15        -11.2332
              43         11.9830     149.755E-03        -11.9820
              44         9.75053     294.862E-03        -9.74607
              45         9.01394     145.591E-03        -9.01276
              46         9.74593    -396.350E-15        -9.74593
              47         8.29515     286.532E-03        -8.29020
              48         7.58152     140.383E-03        -7.58022
              49         8.28991    -372.813E-15        -8.28991
              50         6.89186     274.032E-03        -6.88641
              51         6.21160     133.091E-03        -6.21018
              52         6.88597    -350.164E-15        -6.88597
              53         5.56149     257.365E-03        -5.55553
              54         4.92502     123.716E-03        -4.92347
              55         5.55496    -316.673E-15        -5.55496
              56         4.32488     236.531E-03        -4.31841
              57         3.74261     112.259E-03        -3.74093
              58         4.31769    -278.352E-15        -4.31769
              59         3.20287     211.529E-03        -3.19587
              60         2.68520     98.7196E-03        -2.68339
              61         3.19500    -240.230E-15        -3.19500
              62         2.21627     182.360E-03        -2.20876
              63         1.77363     83.0990E-03        -1.77168
              64         2.20772    -199.266E-15        -2.20772
              65         1.38594     149.023E-03        -1.37790
              66         1.02871     65.3926E-03        -1.02663
              67         1.37668    -157.874E-15        -1.37668
              68     732.697E-03     111.511E-03    -724.161E-03
              69     471.312E-03     45.6242E-03    -469.099E-03
              70     722.728E-03    -112.875E-15    -722.728E-03
              71     277.225E-03     69.8564E-03    -268.279E-03
              72     122.161E-03     23.7033E-03    -119.839E-03
              73     266.586E-03    -67.3558E-15    -266.586E-03
              74     39.5352E-03     23.9154E-03    -31.4816E-03
              75              0.     1.28162E-33     1.36581E-33
              76     29.4812E-03    -22.1503E-15    -29.4812E-03
              77         10.4880    -148.720E-03        -10.4870
              78         11.2372    -299.033E-03        -11.2332
              79         11.9830    -149.755E-03        -11.9820
              80         9.01394    -145.591E-03        -9.01276
              81         9.75053    -294.862E-03        -9.74607
              82         7.58152    -140.383E-03        -7.58022
              83         8.29515    -286.532E-03        -8.29020
              84         6.21160    -133.091E-03        -6.21018
              85         6.89186    -274.032E-03        -6.88641
              86         4.92502    -123.716E-03        -4.92347
              87         5.56149    -257.365E-03        -5.55553
              88         3.74261    -112.259E-03        -3.74093
              89         4.32488    -236.531E-03        -4.31841
              90         2.68520    -98.7196E-03        -2.68339
              91         3.20287    -211.529E-03        -3.19587
              92         1.77363    -83.0990E-03        -1.77168
              93         2.21627    -182.360E-03        -2.20876
              94         1.02871    -65.3926E-03        -1.02663
              95         1.38594    -149.023E-03        -1.37790
              96     471.312E-03    -45.6242E-03    -469.099E-03
              97     732.697E-03    -111.511E-03    -724.161E-03
              98     122.161E-03    -23.7033E-03    -119.839E-03
              99     277.225E-03    -69.8564E-03    -268.279E-03
             100              0.    -1.28162E-33     1.36581E-33
             101     39.5352E-03    -23.9154E-03    -31.4816E-03


  Minimum                     0.    -299.593E-03        -11.9821
         At Node             100              27              27

  Maximum                11.9859     299.593E-03     1.36581E-33
         At Node              27               1             100

           Total         461.897    -6.10090E-12        -461.544


********************************************************************************
Field Output Report, written Thu Apr 12 23:41:09 2018

Source 1
---------

   ODB: /home/fe1/Desktop/FiniteElementsAnalysis/assignment1/CPS_2_12/CPS8R_2_12/CPS4_4_24.odb
   Step: Load
   Frame: Increment      1: Step Time =    1.000

Loc 1 : Nodal values from source 1

Output sorted by column "Node Label".

Field Output reported at nodes for part: PARTASSIGNMENT1-1

      Node Label     U.Magnitude            U.U1            U.U2
                          @Loc 1          @Loc 1          @Loc 1
-----------------------------------------------------------------
               1         7.45972     186.432E-03        -7.45739
               2         6.99384     186.091E-03        -6.99136
               3         6.52965     185.121E-03        -6.52702
               4         6.06868     183.501E-03        -6.06591
               5         5.61258     181.232E-03        -5.60965
               6         5.16296     178.315E-03        -5.15988
               7         4.72145     174.751E-03        -4.71821
               8         4.28966     170.538E-03        -4.28627
               9         3.86921     165.677E-03        -3.86566
              10         3.46173     160.167E-03        -3.45802
              11         3.06883     154.010E-03        -3.06496
              12         2.69214     147.204E-03        -2.68811
              13         2.33327     139.751E-03        -2.32908
              14         1.99384     131.649E-03        -1.98949
              15         1.67548     122.899E-03        -1.67097
              16         1.37981     113.501E-03        -1.37513
              17         1.10844     103.454E-03        -1.10360
              18     862.999E-03     92.7598E-03    -857.999E-03
              19     645.100E-03     81.4172E-03    -639.941E-03
              20     456.362E-03     69.4266E-03    -451.050E-03
              21     298.397E-03     56.7874E-03    -292.944E-03
              22     172.820E-03     43.5004E-03    -167.256E-03
              23     81.1219E-03     29.5704E-03    -75.5404E-03
              24     24.7562E-03     14.9413E-03    -19.7390E-03
              25              0.     1.16852E-33    -492.535E-36
              26         7.45794     93.1985E-03        -7.45736
              27         6.99196     93.0285E-03        -6.99134
              28         6.52762     92.5468E-03        -6.52696
              29         6.06651     91.7350E-03        -6.06582
              30         5.61027     90.6012E-03        -5.60954
              31         5.16051     89.1428E-03        -5.15974
              32         4.71885     87.3604E-03        -4.71804
              33         4.28691     85.2539E-03        -4.28606
              34         3.86632     82.8233E-03        -3.86543
              35         3.45868     80.0687E-03        -3.45776
              36         3.06564     76.9900E-03        -3.06467
              37         2.68879     73.5872E-03        -2.68779
              38         2.32977     69.8604E-03        -2.32873
              39         1.99020     65.8095E-03        -1.98911
              40         1.67169     61.4345E-03        -1.67056
              41         1.37587     56.7354E-03        -1.37470
              42         1.10435     51.7122E-03        -1.10314
              43     858.756E-03     46.3650E-03    -857.503E-03
              44     640.710E-03     40.6938E-03    -639.416E-03
              45     451.830E-03     34.6979E-03    -450.495E-03
              46     293.737E-03     28.3807E-03    -292.363E-03
              47     168.045E-03     21.7285E-03    -166.634E-03
              48     76.3850E-03     14.7913E-03    -74.9392E-03
              49     20.2966E-03     7.40730E-03    -18.8966E-03
              50              0.     662.957E-36     310.596E-36
              51         7.45734    -83.2667E-15        -7.45734
              52         6.99134    -81.3100E-15        -6.99134
              53         6.52694    -83.2667E-15        -6.52694
              54         6.06579    -87.9136E-15        -6.06579
              55         5.60950    -87.9609E-15        -5.60950
              56         5.15969    -87.3190E-15        -5.15969
              57         4.71798    -84.5712E-15        -4.71798
              58         4.28599    -80.7132E-15        -4.28599
              59         3.86535    -75.1066E-15        -3.86535
              60         3.45767    -71.3041E-15        -3.45767
              61         3.06457    -66.4226E-15        -3.06457
              62         2.68768    -62.0892E-15        -2.68768
              63         2.32861    -58.3041E-15        -2.32861
              64         1.98899    -55.0393E-15        -1.98899
              65         1.67043    -51.3426E-15        -1.67043
              66         1.37455    -46.8859E-15        -1.37455
              67         1.10298    -42.3064E-15        -1.10298
              68     857.338E-03    -37.1309E-15    -857.338E-03
              69     639.241E-03    -32.0230E-15    -639.241E-03
              70     450.311E-03    -26.7672E-15    -450.311E-03
              71     292.168E-03    -21.3475E-15    -292.168E-03
              72     166.429E-03    -16.0432E-15    -166.429E-03
              73     74.7356E-03    -10.6703E-15    -74.7356E-03
              74     18.6189E-03    -5.19417E-15    -18.6189E-03
              75              0.             -0.     313.879E-36
              76         7.45794    -93.1985E-03        -7.45736
              77         6.99196    -93.0285E-03        -6.99134
              78         6.52762    -92.5468E-03        -6.52696
              79         6.06651    -91.7350E-03        -6.06582
              80         5.61027    -90.6012E-03        -5.60954
              81         5.16051    -89.1428E-03        -5.15974
              82         4.71885    -87.3604E-03        -4.71804
              83         4.28691    -85.2539E-03        -4.28606
              84         3.86632    -82.8233E-03        -3.86543
              85         3.45868    -80.0687E-03        -3.45776
              86         3.06564    -76.9900E-03        -3.06467
              87         2.68879    -73.5872E-03        -2.68779
              88         2.32977    -69.8604E-03        -2.32873
              89         1.99020    -65.8095E-03        -1.98911
              90         1.67169    -61.4345E-03        -1.67056
              91         1.37587    -56.7354E-03        -1.37470
              92         1.10435    -51.7122E-03        -1.10314
              93     858.756E-03    -46.3650E-03    -857.503E-03
              94     640.710E-03    -40.6938E-03    -639.416E-03
              95     451.830E-03    -34.6979E-03    -450.495E-03
              96     293.737E-03    -28.3807E-03    -292.363E-03
              97     168.045E-03    -21.7285E-03    -166.634E-03
              98     76.3850E-03    -14.7913E-03    -74.9392E-03
              99     20.2966E-03    -7.40730E-03    -18.8966E-03
             100              0.    -662.957E-36     310.596E-36
             101         7.45972    -186.432E-03        -7.45739
             102         6.99384    -186.091E-03        -6.99136
             103         6.52965    -185.121E-03        -6.52702
             104         6.06868    -183.501E-03        -6.06591
             105         5.61258    -181.232E-03        -5.60965
             106         5.16296    -178.315E-03        -5.15988
             107         4.72145    -174.751E-03        -4.71821
             108         4.28966    -170.538E-03        -4.28627
             109         3.86921    -165.677E-03        -3.86566
             110         3.46173    -160.167E-03        -3.45802
             111         3.06883    -154.010E-03        -3.06496
             112         2.69214    -147.204E-03        -2.68811
             113         2.33327    -139.751E-03        -2.32908
             114         1.99384    -131.649E-03        -1.98949
             115         1.67548    -122.899E-03        -1.67097
             116         1.37981    -113.501E-03        -1.37513
             117         1.10844    -103.454E-03        -1.10360
             118     862.999E-03    -92.7598E-03    -857.999E-03
             119     645.100E-03    -81.4172E-03    -639.941E-03
             120     456.362E-03    -69.4266E-03    -451.050E-03
             121     298.397E-03    -56.7874E-03    -292.944E-03
             122     172.820E-03    -43.5004E-03    -167.256E-03
             123     81.1219E-03    -29.5704E-03    -75.5404E-03
             124     24.7562E-03    -14.9413E-03    -19.7390E-03
             125              0.    -1.16852E-33    -492.535E-36


  Minimum                     0.    -186.432E-03        -7.45739
         At Node             125             101             101

  Maximum                7.45972     186.432E-03     313.879E-36
         At Node             101               1              75

           Total         354.543    -1.35625E-12        -354.299


********************************************************************************
Field Output Report, written Thu Apr 12 23:45:01 2018

Source 1
---------

   ODB: /home/fe1/Desktop/FiniteElementsAnalysis/assignment1/CPS_2_12/CPS8R_2_12/CPS4R_4_24.odb
   Step: Load
   Frame: Increment      1: Step Time =    1.000

Loc 1 : Nodal values from source 1

Output sorted by column "Node Label".

Field Output reported at nodes for part: PARTASSIGNMENT1-1

      Node Label     U.Magnitude            U.U1            U.U2
                          @Loc 1          @Loc 1          @Loc 1
-----------------------------------------------------------------
               1         12.7699     319.243E-03        -12.7659
               2         11.9725     318.468E-03        -11.9682
               3         11.1783     316.946E-03        -11.1738
               4         10.3893     314.092E-03        -10.3846
               5         9.60887     310.256E-03        -9.60386
               6         8.83944     305.253E-03        -8.83416
               7         8.08382     299.154E-03        -8.07828
               8         7.34496     291.966E-03        -7.33915
               9         6.62530     283.627E-03        -6.61922
              10         5.92806     274.242E-03        -5.92171
              11         5.25545     263.666E-03        -5.24883
              12         4.61092     252.088E-03        -4.60402
              13         3.99645     239.267E-03        -3.98928
              14         3.41570     225.508E-03        -3.40825
              15         2.87044     210.426E-03        -2.86272
              16         2.36459     194.503E-03        -2.35658
              17         1.89958     177.144E-03        -1.89131
              18         1.47976     159.068E-03        -1.47119
              19         1.10601     139.430E-03        -1.09719
              20     783.385E-03     119.191E-03    -774.265E-03
              21     511.842E-03     97.3035E-03    -502.508E-03
              22     297.570E-03     74.8445E-03    -288.004E-03
              23     139.016E-03     50.8029E-03    -129.400E-03
              24     43.2697E-03     25.9738E-03    -34.6068E-03
              25              0.     937.317E-36    -116.351E-36
              26         12.7668     159.453E-03        -12.7658
              27         11.9693     159.294E-03        -11.9682
              28         11.1748     158.403E-03        -11.1737
              29         10.3856     157.038E-03        -10.3844
              30         9.60499     155.103E-03        -9.60373
              31         8.83513     152.588E-03        -8.83381
              32         8.07950     149.572E-03        -8.07811
              33         7.34010     145.932E-03        -7.33865
              34         6.62051     141.818E-03        -6.61899
              35         5.92266     137.060E-03        -5.92108
              36         5.25020     131.850E-03        -5.24854
              37         4.60497     125.967E-03        -4.60325
              38         3.99072     119.672E-03        -3.98893
              39         3.40920     112.648E-03        -3.40733
              40         2.86425     105.287E-03        -2.86232
              41         2.35751     97.1032E-03        -2.35551
              42         1.89295     88.6952E-03        -1.89087
              43         1.47207     79.3324E-03        -1.46993
              44         1.09898     69.8928E-03        -1.09675
              45     775.061E-03     59.3440E-03    -772.785E-03
              46     504.500E-03     48.8667E-03    -502.128E-03
              47     288.635E-03     37.1578E-03    -286.233E-03
              48     131.667E-03     25.5879E-03    -129.157E-03
              49     34.8879E-03     12.8149E-03    -32.4491E-03
              50              0.     1.12537E-33     13.4953E-36
              51         12.7656    -287.770E-15        -12.7656
              52         11.9685    -312.195E-15        -11.9685
              53         11.1734    -280.886E-15        -11.1734
              54         10.3846    -307.088E-15        -10.3846
              55         9.60342    -267.467E-15        -9.60342
              56         8.83397    -292.211E-15        -8.83397
              57         8.07777    -263.400E-15        -8.07777
              58         7.33878    -270.783E-15        -7.33878
              59         6.61862    -245.470E-15        -6.61862
              60         5.92117    -246.136E-15        -5.92117
              61         5.24813    -226.139E-15        -5.24813
              62         4.60332    -216.882E-15        -4.60332
              63         3.98847    -201.256E-15        -3.98847
              64         3.40738    -189.709E-15        -3.40738
              65         2.86183    -170.419E-15        -2.86183
              66         2.35550    -156.652E-15        -2.35550
              67         1.89037    -139.166E-15        -1.89037
              68         1.46986    -123.519E-15        -1.46986
              69         1.09628    -105.749E-15        -1.09628
              70     772.589E-03    -88.9011E-15    -772.589E-03
              71     501.742E-03    -71.0126E-15    -501.742E-03
              72     285.852E-03    -53.0114E-15    -285.852E-03
              73     128.926E-03    -35.7075E-15    -128.926E-03
              74     31.8084E-03    -17.3330E-15    -31.8084E-03
              75              0.             -0.     155.711E-36
              76         12.7668    -159.453E-03        -12.7658
              77         11.9693    -159.294E-03        -11.9682
              78         11.1748    -158.403E-03        -11.1737
              79         10.3856    -157.038E-03        -10.3844
              80         9.60499    -155.103E-03        -9.60373
              81         8.83513    -152.588E-03        -8.83381
              82         8.07950    -149.572E-03        -8.07811
              83         7.34010    -145.932E-03        -7.33865
              84         6.62051    -141.818E-03        -6.61899
              85         5.92266    -137.060E-03        -5.92108
              86         5.25020    -131.850E-03        -5.24854
              87         4.60497    -125.967E-03        -4.60325
              88         3.99072    -119.672E-03        -3.98893
              89         3.40920    -112.648E-03        -3.40733
              90         2.86425    -105.287E-03        -2.86232
              91         2.35751    -97.1032E-03        -2.35551
              92         1.89295    -88.6952E-03        -1.89087
              93         1.47207    -79.3324E-03        -1.46993
              94         1.09898    -69.8928E-03        -1.09675
              95     775.061E-03    -59.3440E-03    -772.785E-03
              96     504.500E-03    -48.8667E-03    -502.128E-03
              97     288.635E-03    -37.1578E-03    -286.233E-03
              98     131.667E-03    -25.5879E-03    -129.157E-03
              99     34.8879E-03    -12.8149E-03    -32.4491E-03
             100              0.    -1.12537E-33     13.4953E-36
             101         12.7699    -319.243E-03        -12.7659
             102         11.9725    -318.468E-03        -11.9682
             103         11.1783    -316.946E-03        -11.1738
             104         10.3893    -314.092E-03        -10.3846
             105         9.60887    -310.256E-03        -9.60386
             106         8.83944    -305.253E-03        -8.83416
             107         8.08382    -299.154E-03        -8.07828
             108         7.34496    -291.966E-03        -7.33915
             109         6.62530    -283.627E-03        -6.61922
             110         5.92806    -274.242E-03        -5.92171
             111         5.25545    -263.666E-03        -5.24883
             112         4.61092    -252.088E-03        -4.60402
             113         3.99645    -239.267E-03        -3.98928
             114         3.41570    -225.508E-03        -3.40825
             115         2.87044    -210.426E-03        -2.86272
             116         2.36459    -194.503E-03        -2.35658
             117         1.89958    -177.144E-03        -1.89131
             118         1.47976    -159.068E-03        -1.47119
             119         1.10601    -139.430E-03        -1.09719
             120     783.385E-03    -119.191E-03    -774.265E-03
             121     511.842E-03    -97.3035E-03    -502.508E-03
             122     297.570E-03    -74.8445E-03    -288.004E-03
             123     139.016E-03    -50.8029E-03    -129.400E-03
             124     43.2697E-03    -25.9738E-03    -34.6068E-03
             125              0.    -937.317E-36    -116.351E-36


  Minimum                     0.    -319.243E-03        -12.7659
         At Node             125             101             101

  Maximum                12.7699     319.243E-03     155.711E-36
         At Node             101               1              75

           Total         607.107    -4.57057E-12        -606.687


********************************************************************************
Field Output Report, written Thu Apr 12 23:47:37 2018

Source 1
---------

   ODB: /home/fe1/Desktop/FiniteElementsAnalysis/assignment1/CPS_2_12/CPS8R_2_12/CPS8_4_24.odb
   Step: Load
   Frame: Increment      1: Step Time =    1.000

Loc 1 : Nodal values from source 1

Output sorted by column "Node Label".

Field Output reported at nodes for part: PARTASSIGNMENT1-1

      Node Label     U.Magnitude            U.U1            U.U2
                          @Loc 1          @Loc 1          @Loc 1
-----------------------------------------------------------------
               1         11.9939     299.741E-03        -11.9902
               2         11.2450     299.180E-03        -11.2410
               3         10.4987     297.619E-03        -10.4945
               4         9.75765     295.014E-03        -9.75319
               5         9.02441     291.369E-03        -9.01970
               6         8.30159     286.681E-03        -8.29664
               7         7.59179     280.952E-03        -7.58659
               8         6.89763     274.181E-03        -6.89217
               9         6.22169     266.369E-03        -6.21598
              10         5.56659     257.514E-03        -5.56063
              11         4.93492     247.619E-03        -4.92871
              12         4.32930     236.681E-03        -4.32283
              13         3.75233     224.702E-03        -3.74560
              14         3.20661     211.681E-03        -3.19961
              15         2.69474     197.619E-03        -2.68749
              16         2.21933     182.514E-03        -2.21182
              17         1.78299     166.369E-03        -1.77521
              18         1.38831     149.181E-03        -1.38027
              19         1.03789     130.952E-03        -1.02960
              20     734.345E-03     111.681E-03    -725.803E-03
              21     480.259E-03     91.3689E-03    -471.487E-03
              22     278.209E-03     70.0133E-03    -269.256E-03
              23     130.682E-03     47.6173E-03    -121.698E-03
              24     39.5966E-03     24.1612E-03    -31.3708E-03
              25              0.     477.288E-36    -513.089E-36
              26         11.9910     149.823E-03        -11.9901
              27         11.2419     149.563E-03        -11.2409
              28         10.4954     148.779E-03        -10.4944
              29         9.75416     147.476E-03        -9.75305
              30         9.02069     145.653E-03        -9.01952
              31         8.29764     143.310E-03        -8.29640
              32         7.58761     140.445E-03        -7.58631
              33         6.89321     137.060E-03        -6.89185
              34         6.21703     133.153E-03        -6.21561
              35         5.56169     128.726E-03        -5.56020
              36         4.92979     123.778E-03        -4.92824
              37         4.32393     118.310E-03        -4.32231
              38         3.74672     112.320E-03        -3.74503
              39         3.20075     105.810E-03        -3.19900
              40         2.68864     98.7785E-03        -2.68683
              41         2.21299     91.2264E-03        -2.21111
              42         1.77641     83.1535E-03        -1.77446
              43         1.38148     74.5597E-03        -1.37947
              44         1.03083     65.4451E-03        -1.02875
              45     727.058E-03     55.8097E-03    -724.913E-03
              46     472.759E-03     45.6536E-03    -470.550E-03
              47     270.544E-03     34.9769E-03    -268.273E-03
              48     123.005E-03     23.7879E-03    -120.682E-03
              49     32.7531E-03     12.1152E-03    -30.4301E-03
              50              0.     379.153E-36    -132.058E-36
              51         11.9901    -592.124E-15        -11.9901
              52         11.2409    -604.001E-15        -11.2409
              53         10.4944    -598.521E-15        -10.4944
              54         9.75300    -585.754E-15        -9.75300
              55         9.01945    -565.770E-15        -9.01945
              56         8.29633    -539.790E-15        -8.29633
              57         7.58622    -510.052E-15        -7.58622
              58         6.89174    -487.832E-15        -6.89174
              59         6.21548    -459.494E-15        -6.21548
              60         5.56006    -435.020E-15        -5.56006
              61         4.92808    -409.728E-15        -4.92808
              62         4.32214    -388.222E-15        -4.32214
              63         3.74485    -361.995E-15        -3.74485
              64         3.19880    -330.280E-15        -3.19880
              65         2.68661    -296.747E-15        -2.68661
              66         2.21088    -261.957E-15        -2.21088
              67         1.77421    -229.330E-15        -1.77421
              68         1.37921    -199.989E-15        -1.37921
              69         1.02847    -170.426E-15        -1.02847
              70     724.616E-03    -141.747E-15    -724.616E-03
              71     470.237E-03    -113.222E-15    -470.237E-03
              72     267.944E-03    -85.0865E-15    -267.944E-03
              73     120.336E-03    -56.5823E-15    -120.336E-03
              74     30.0962E-03    -28.2023E-15    -30.0962E-03
              75              0.             -0.    -105.011E-36
              76         11.9910    -149.823E-03        -11.9901
              77         11.2419    -149.563E-03        -11.2409
              78         10.4954    -148.779E-03        -10.4944
              79         9.75416    -147.476E-03        -9.75305
              80         9.02069    -145.653E-03        -9.01952
              81         8.29764    -143.310E-03        -8.29640
              82         7.58761    -140.445E-03        -7.58631
              83         6.89321    -137.060E-03        -6.89185
              84         6.21703    -133.153E-03        -6.21561
              85         5.56169    -128.726E-03        -5.56020
              86         4.92979    -123.778E-03        -4.92824
              87         4.32393    -118.310E-03        -4.32231
              88         3.74672    -112.320E-03        -3.74503
              89         3.20075    -105.810E-03        -3.19900
              90         2.68864    -98.7785E-03        -2.68683
              91         2.21299    -91.2264E-03        -2.21111
              92         1.77641    -83.1535E-03        -1.77446
              93         1.38148    -74.5597E-03        -1.37947
              94         1.03083    -65.4451E-03        -1.02875
              95     727.058E-03    -55.8097E-03    -724.913E-03
              96     472.759E-03    -45.6536E-03    -470.550E-03
              97     270.544E-03    -34.9769E-03    -268.273E-03
              98     123.005E-03    -23.7879E-03    -120.682E-03
              99     32.7531E-03    -12.1152E-03    -30.4301E-03
             100              0.    -379.153E-36    -132.058E-36
             101         11.9939    -299.741E-03        -11.9902
             102         11.2450    -299.180E-03        -11.2410
             103         10.4987    -297.619E-03        -10.4945
             104         9.75765    -295.014E-03        -9.75319
             105         9.02441    -291.369E-03        -9.01970
             106         8.30159    -286.681E-03        -8.29664
             107         7.59179    -280.952E-03        -7.58659
             108         6.89763    -274.181E-03        -6.89217
             109         6.22169    -266.369E-03        -6.21598
             110         5.56659    -257.514E-03        -5.56063
             111         4.93492    -247.619E-03        -4.92871
             112         4.32930    -236.681E-03        -4.32283
             113         3.75233    -224.702E-03        -3.74560
             114         3.20661    -211.681E-03        -3.19961
             115         2.69474    -197.619E-03        -2.68749
             116         2.21933    -182.514E-03        -2.21182
             117         1.78299    -166.369E-03        -1.77521
             118         1.38831    -149.181E-03        -1.38027
             119         1.03789    -130.952E-03        -1.02960
             120     734.345E-03    -111.681E-03    -725.803E-03
             121     480.259E-03    -91.3689E-03    -471.487E-03
             122     278.209E-03    -70.0133E-03    -269.256E-03
             123     130.682E-03    -47.6173E-03    -121.698E-03
             124     39.5966E-03    -24.1612E-03    -31.3708E-03
             125              0.    -477.288E-36    -513.089E-36
             126         11.6192     299.554E-03        -11.6154
             127         11.2432     224.364E-03        -11.2410
             128         11.6163     149.751E-03        -11.6154
             129         11.9922     224.766E-03        -11.9901
             130         10.8713     298.510E-03        -10.8672
             131         10.4968     223.190E-03        -10.4944
             132         10.8682     149.234E-03        -10.8672
             133         10.1274     296.427E-03        -10.1230
             134         9.75561     221.236E-03        -9.75310
             135         10.1240     148.193E-03        -10.1229
             136         9.38989     293.302E-03        -9.38531
             137         9.02224     218.502E-03        -9.01960
             138         9.38629     146.630E-03        -9.38514
             139         8.66153     289.135E-03        -8.65671
             140         8.29929     214.986E-03        -8.29650
             141         8.65770     144.547E-03        -8.65650
             142         7.94490     283.927E-03        -7.93983
             143         7.58935     210.690E-03        -7.58643
             144         7.94084     141.943E-03        -7.93957
             145         7.24259     277.677E-03        -7.23727
             146         6.89505     205.611E-03        -6.89198
             147         7.23829     138.818E-03        -7.23696
             148         6.55721     270.385E-03        -6.55164
             149         6.21897     199.752E-03        -6.21576
             150         6.55268     135.172E-03        -6.55129
             151         5.89137     262.052E-03        -5.88554
             152         5.56373     193.111E-03        -5.56038
             153         5.88660     131.005E-03        -5.88514
             154         5.24766     252.677E-03        -5.24157
             155         4.93193     185.690E-03        -4.92843
             156         5.24265     126.318E-03        -5.24113
             157         4.62869     242.260E-03        -4.62235
             158         4.32617     177.486E-03        -4.32253
             159         4.62344     121.110E-03        -4.62186
             160         4.03707     230.802E-03        -4.03047
             161         3.74906     168.502E-03        -3.74527
             162         4.03158     115.380E-03        -4.02993
             163         3.47540     218.302E-03        -3.46854
             164         3.20319     158.736E-03        -3.19926
             165         3.46967     109.130E-03        -3.46795
             166         2.94628     204.760E-03        -2.93916
             167         2.69119     148.190E-03        -2.68710
             168         2.94030     102.360E-03        -2.93852
             169         2.45232     190.177E-03        -2.44493
             170         2.21564     136.861E-03        -2.21141
             171         2.44610     95.0680E-03        -2.44425
             172         1.99611     174.552E-03        -1.98847
             173         1.77915     124.752E-03        -1.77477
             174         1.98965     87.2555E-03        -1.98774
             175         1.58027     157.885E-03        -1.57237
             176         1.38433     111.861E-03        -1.37980
             177         1.57357     78.9221E-03        -1.57159
             178         1.20740     140.177E-03        -1.19924
             179         1.03378     98.1896E-03        -1.02911
             180         1.20046     70.0680E-03        -1.19842
             181     880.095E-03     121.427E-03    -871.679E-03
             182     730.102E-03     83.7364E-03    -725.284E-03
             183     872.924E-03     60.6930E-03    -870.811E-03
             184     600.955E-03     101.635E-03    -592.298E-03
             185     475.897E-03     68.5023E-03    -470.941E-03
             186     593.561E-03     50.7971E-03    -591.384E-03
             187     372.566E-03     80.8021E-03    -363.698E-03
             188     273.759E-03     52.4859E-03    -268.681E-03
             189     364.978E-03     40.3804E-03    -362.737E-03
             190     197.481E-03     58.9259E-03    -188.485E-03
             191     126.261E-03     35.6942E-03    -121.111E-03
             192     189.773E-03     29.4418E-03    -187.476E-03
             193     78.0761E-03     36.0135E-03    -69.2741E-03
             194     35.7246E-03     18.1235E-03    -30.7861E-03
             195     70.5345E-03     17.9744E-03    -68.2058E-03
             196     14.8897E-03     12.0462E-03    -8.75167E-03
             197              0.     999.019E-36     342.389E-36
             198     9.58509E-03     5.92468E-03    -7.53472E-03
             199         11.2412     74.7786E-03        -11.2409
             200         11.6153    -589.338E-15        -11.6153
             201         11.9903     74.9064E-03        -11.9901
             202         10.4946     74.3866E-03        -10.4944
             203         10.8672    -599.325E-15        -10.8672
             204         9.75329     73.7352E-03        -9.75301
             205         10.1229    -602.407E-15        -10.1229
             206         9.01976     72.8237E-03        -9.01947
             207         9.38509    -576.872E-15        -9.38509
             208         8.29666     71.6519E-03        -8.29635
             209         8.65643    -548.894E-15        -8.65643
             210         7.58657     70.2196E-03        -7.58624
             211         7.93948    -529.798E-15        -7.93948
             212         6.89211     68.5269E-03        -6.89176
             213         7.23686    -491.183E-15        -7.23686
             214         6.21587     66.5737E-03        -6.21551
             215         6.55117    -488.332E-15        -6.55117
             216         5.56047     64.3602E-03        -5.56010
             217         5.88501    -434.609E-15        -5.88501
             218         4.92851     61.8862E-03        -4.92812
             219         5.24098    -414.834E-15        -5.24098
             220         4.32259     59.1519E-03        -4.32218
             221         4.62169    -403.940E-15        -4.62169
             222         3.74531     56.1571E-03        -3.74489
             223         4.02975    -378.276E-15        -4.02975
             224         3.19929     52.9019E-03        -3.19885
             225         3.46775    -345.152E-15        -3.46775
             226         2.68712     49.3862E-03        -2.68667
             227         2.93831    -316.627E-15        -2.93831
             228         2.21141     45.6102E-03        -2.21094
             229         2.44402    -277.520E-15        -2.44402
             230         1.77476     41.5737E-03        -1.77427
             231         1.98750    -246.247E-15        -1.98750
             232         1.37978     37.2769E-03        -1.37927
             233         1.57134    -212.969E-15        -1.57134
             234         1.02906     32.7196E-03        -1.02854
             235         1.19814    -185.463E-15        -1.19814
             236     725.227E-03     27.9018E-03    -724.690E-03
             237     870.522E-03    -155.993E-15    -870.522E-03
             238     470.869E-03     22.8238E-03    -470.316E-03
             239     591.079E-03    -128.016E-15    -591.079E-03
             240     268.594E-03     17.4853E-03    -268.025E-03
             241     362.417E-03    -99.1325E-15    -362.417E-03
             242     121.016E-03     11.8917E-03    -120.430E-03
             243     187.141E-03    -70.8704E-15    -187.141E-03
             244     30.7496E-03     6.05166E-03    -30.1482E-03
             245     67.8570E-03    -42.3134E-15    -67.8570E-03
             246              0.     335.483E-36     330.263E-36
             247     7.14095E-03    -13.5494E-15    -7.14095E-03
             248         11.2412    -74.7786E-03        -11.2409
             249         11.6163    -149.751E-03        -11.6154
             250         11.9903    -74.9064E-03        -11.9901
             251         10.4946    -74.3866E-03        -10.4944
             252         10.8682    -149.234E-03        -10.8672
             253         9.75329    -73.7352E-03        -9.75301
             254         10.1240    -148.193E-03        -10.1229
             255         9.01976    -72.8237E-03        -9.01947
             256         9.38629    -146.630E-03        -9.38514
             257         8.29666    -71.6519E-03        -8.29635
             258         8.65770    -144.547E-03        -8.65650
             259         7.58657    -70.2196E-03        -7.58624
             260         7.94084    -141.943E-03        -7.93957
             261         6.89211    -68.5269E-03        -6.89176
             262         7.23829    -138.818E-03        -7.23696
             263         6.21587    -66.5737E-03        -6.21551
             264         6.55268    -135.172E-03        -6.55129
             265         5.56047    -64.3602E-03        -5.56010
             266         5.88660    -131.005E-03        -5.88514
             267         4.92851    -61.8862E-03        -4.92812
             268         5.24265    -126.318E-03        -5.24113
             269         4.32259    -59.1519E-03        -4.32218
             270         4.62344    -121.110E-03        -4.62186
             271         3.74531    -56.1571E-03        -3.74489
             272         4.03158    -115.380E-03        -4.02993
             273         3.19929    -52.9019E-03        -3.19885
             274         3.46967    -109.130E-03        -3.46795
             275         2.68712    -49.3862E-03        -2.68667
             276         2.94030    -102.360E-03        -2.93852
             277         2.21141    -45.6102E-03        -2.21094
             278         2.44610    -95.0680E-03        -2.44425
             279         1.77476    -41.5737E-03        -1.77427
             280         1.98965    -87.2555E-03        -1.98774
             281         1.37978    -37.2769E-03        -1.37927
             282         1.57357    -78.9221E-03        -1.57159
             283         1.02906    -32.7196E-03        -1.02854
             284         1.20046    -70.0680E-03        -1.19842
             285     725.227E-03    -27.9018E-03    -724.690E-03
             286     872.924E-03    -60.6930E-03    -870.811E-03
             287     470.869E-03    -22.8238E-03    -470.316E-03
             288     593.561E-03    -50.7971E-03    -591.384E-03
             289     268.594E-03    -17.4853E-03    -268.025E-03
             290     364.978E-03    -40.3804E-03    -362.737E-03
             291     121.016E-03    -11.8917E-03    -120.430E-03
             292     189.773E-03    -29.4418E-03    -187.476E-03
             293     30.7496E-03    -6.05166E-03    -30.1482E-03
             294     70.5345E-03    -17.9744E-03    -68.2058E-03
             295              0.    -335.483E-36     330.263E-36
             296     9.58509E-03    -5.92468E-03    -7.53472E-03
             297         11.2432    -224.364E-03        -11.2410
             298         11.6192    -299.554E-03        -11.6154
             299         11.9922    -224.766E-03        -11.9901
             300         10.4968    -223.190E-03        -10.4944
             301         10.8713    -298.510E-03        -10.8672
             302         9.75561    -221.236E-03        -9.75310
             303         10.1274    -296.427E-03        -10.1230
             304         9.02224    -218.502E-03        -9.01960
             305         9.38989    -293.302E-03        -9.38531
             306         8.29929    -214.986E-03        -8.29650
             307         8.66153    -289.135E-03        -8.65671
             308         7.58935    -210.690E-03        -7.58643
             309         7.94490    -283.927E-03        -7.93983
             310         6.89505    -205.611E-03        -6.89198
             311         7.24259    -277.677E-03        -7.23727
             312         6.21897    -199.752E-03        -6.21576
             313         6.55721    -270.385E-03        -6.55164
             314         5.56373    -193.111E-03        -5.56038
             315         5.89137    -262.052E-03        -5.88554
             316         4.93193    -185.690E-03        -4.92843
             317         5.24766    -252.677E-03        -5.24157
             318         4.32617    -177.486E-03        -4.32253
             319         4.62869    -242.260E-03        -4.62235
             320         3.74906    -168.502E-03        -3.74527
             321         4.03707    -230.802E-03        -4.03047
             322         3.20319    -158.736E-03        -3.19926
             323         3.47540    -218.302E-03        -3.46854
             324         2.69119    -148.190E-03        -2.68710
             325         2.94628    -204.760E-03        -2.93916
             326         2.21564    -136.861E-03        -2.21141
             327         2.45232    -190.177E-03        -2.44493
             328         1.77915    -124.752E-03        -1.77477
             329         1.99611    -174.552E-03        -1.98847
             330         1.38433    -111.861E-03        -1.37980
             331         1.58027    -157.885E-03        -1.57237
             332         1.03378    -98.1896E-03        -1.02911
             333         1.20740    -140.177E-03        -1.19924
             334     730.102E-03    -83.7364E-03    -725.284E-03
             335     880.095E-03    -121.427E-03    -871.679E-03
             336     475.897E-03    -68.5023E-03    -470.941E-03
             337     600.955E-03    -101.635E-03    -592.298E-03
             338     273.759E-03    -52.4859E-03    -268.681E-03
             339     372.566E-03    -80.8021E-03    -363.698E-03
             340     126.261E-03    -35.6942E-03    -121.111E-03
             341     197.481E-03    -58.9259E-03    -188.485E-03
             342     35.7246E-03    -18.1235E-03    -30.7861E-03
             343     78.0761E-03    -36.0135E-03    -69.2741E-03
             344              0.    -999.019E-36     342.389E-36
             345     14.8897E-03    -12.0462E-03    -8.75167E-03


  Minimum                     0.    -299.741E-03        -11.9902
         At Node             344             101             101

  Maximum                11.9939     299.741E-03     342.389E-36
         At Node             101               1             344

           Total     1.56573E+03    -16.6054E-12    -1.56474E+03


