********************************************************************************
Field Output Report, written Thu Apr 12 23:29:54 2018

Source 1
---------

   ODB: /home/fe1/Desktop/FiniteElementsAnalysis/assignment1/CPS8R_2_12/CPS8R_2_12.odb
   Step: Load
   Frame: Increment      1: Step Time =    1.000

Loc 1 : Nodal values from source 1

Output sorted by column "Node Label".

Field Output reported at nodes for part: PARTASSIGNMENT1-1

      Node Label     U.Magnitude            U.U1            U.U2
                          @Loc 1          @Loc 1          @Loc 1
-----------------------------------------------------------------
               1         11.9859     299.593E-03        -11.9821
               2         10.4913     297.479E-03        -10.4871
               3         9.01768     291.233E-03        -9.01298
               4         7.58571     280.813E-03        -7.58051
               5         6.21625     266.230E-03        -6.21055
               6         4.93013     247.481E-03        -4.92391
               7         3.74817     224.567E-03        -3.74144
               8         2.69122     197.487E-03        -2.68396
               9         1.78007     166.247E-03        -1.77229
              10         1.03558     130.832E-03        -1.02728
              11     478.487E-03     91.2991E-03    -469.696E-03
              12     129.506E-03     47.4567E-03    -120.497E-03
              13              0.     859.188E-36    -814.624E-36
              14         11.9819    -419.477E-15        -11.9819
              15         10.4869    -415.404E-15        -10.4869
              16         9.01266    -394.518E-15        -9.01266
              17         7.58011    -356.548E-15        -7.58011
              18         6.21006    -329.181E-15        -6.21006
              19         4.92334    -299.697E-15        -4.92334
              20         3.74079    -263.414E-15        -3.74079
              21         2.68325    -225.037E-15        -2.68325
              22         1.77156    -182.868E-15        -1.77156
              23         1.02656    -136.843E-15        -1.02656
              24     469.073E-03    -90.8050E-15    -469.073E-03
              25     120.070E-03    -45.6692E-15    -120.070E-03
              26              0.             -0.    -1.15237E-33
              27         11.9859    -299.593E-03        -11.9821
              28         10.4913    -297.479E-03        -10.4871
              29         9.01768    -291.233E-03        -9.01298
              30         7.58571    -280.813E-03        -7.58051
              31         6.21625    -266.230E-03        -6.21055
              32         4.93013    -247.481E-03        -4.92391
              33         3.74817    -224.567E-03        -3.74144
              34         2.69122    -197.487E-03        -2.68396
              35         1.78007    -166.247E-03        -1.77229
              36         1.03558    -130.832E-03        -1.02728
              37     478.487E-03    -91.2991E-03    -469.696E-03
              38     129.506E-03    -47.4567E-03    -120.497E-03
              39              0.    -859.188E-36    -814.624E-36
              40         11.2372     299.033E-03        -11.2332
              41         10.4880     148.720E-03        -10.4870
              42         11.2332    -427.249E-15        -11.2332
              43         11.9830     149.755E-03        -11.9820
              44         9.75053     294.862E-03        -9.74607
              45         9.01394     145.591E-03        -9.01276
              46         9.74593    -396.350E-15        -9.74593
              47         8.29515     286.532E-03        -8.29020
              48         7.58152     140.383E-03        -7.58022
              49         8.28991    -372.813E-15        -8.28991
              50         6.89186     274.032E-03        -6.88641
              51         6.21160     133.091E-03        -6.21018
              52         6.88597    -350.164E-15        -6.88597
              53         5.56149     257.365E-03        -5.55553
              54         4.92502     123.716E-03        -4.92347
              55         5.55496    -316.673E-15        -5.55496
              56         4.32488     236.531E-03        -4.31841
              57         3.74261     112.259E-03        -3.74093
              58         4.31769    -278.352E-15        -4.31769
              59         3.20287     211.529E-03        -3.19587
              60         2.68520     98.7196E-03        -2.68339
              61         3.19500    -240.230E-15        -3.19500
              62         2.21627     182.360E-03        -2.20876
              63         1.77363     83.0990E-03        -1.77168
              64         2.20772    -199.266E-15        -2.20772
              65         1.38594     149.023E-03        -1.37790
              66         1.02871     65.3926E-03        -1.02663
              67         1.37668    -157.874E-15        -1.37668
              68     732.697E-03     111.511E-03    -724.161E-03
              69     471.312E-03     45.6242E-03    -469.099E-03
              70     722.728E-03    -112.875E-15    -722.728E-03
              71     277.225E-03     69.8564E-03    -268.279E-03
              72     122.161E-03     23.7033E-03    -119.839E-03
              73     266.586E-03    -67.3558E-15    -266.586E-03
              74     39.5352E-03     23.9154E-03    -31.4816E-03
              75              0.     1.28162E-33     1.36581E-33
              76     29.4812E-03    -22.1503E-15    -29.4812E-03
              77         10.4880    -148.720E-03        -10.4870
              78         11.2372    -299.033E-03        -11.2332
              79         11.9830    -149.755E-03        -11.9820
              80         9.01394    -145.591E-03        -9.01276
              81         9.75053    -294.862E-03        -9.74607
              82         7.58152    -140.383E-03        -7.58022
              83         8.29515    -286.532E-03        -8.29020
              84         6.21160    -133.091E-03        -6.21018
              85         6.89186    -274.032E-03        -6.88641
              86         4.92502    -123.716E-03        -4.92347
              87         5.56149    -257.365E-03        -5.55553
              88         3.74261    -112.259E-03        -3.74093
              89         4.32488    -236.531E-03        -4.31841
              90         2.68520    -98.7196E-03        -2.68339
              91         3.20287    -211.529E-03        -3.19587
              92         1.77363    -83.0990E-03        -1.77168
              93         2.21627    -182.360E-03        -2.20876
              94         1.02871    -65.3926E-03        -1.02663
              95         1.38594    -149.023E-03        -1.37790
              96     471.312E-03    -45.6242E-03    -469.099E-03
              97     732.697E-03    -111.511E-03    -724.161E-03
              98     122.161E-03    -23.7033E-03    -119.839E-03
              99     277.225E-03    -69.8564E-03    -268.279E-03
             100              0.    -1.28162E-33     1.36581E-33
             101     39.5352E-03    -23.9154E-03    -31.4816E-03


  Minimum                     0.    -299.593E-03        -11.9821
         At Node             100              27              27

  Maximum                11.9859     299.593E-03     1.36581E-33
         At Node              27               1             100

           Total         461.897    -6.10090E-12        -461.544


********************************************************************************
Field Output Report, written Thu Apr 12 23:41:09 2018

Source 1
---------

   ODB: /home/fe1/Desktop/FiniteElementsAnalysis/assignment1/CPS_2_12/CPS8R_2_12/CPS4_4_24.odb
   Step: Load
   Frame: Increment      1: Step Time =    1.000

Loc 1 : Nodal values from source 1

Output sorted by column "Node Label".

Field Output reported at nodes for part: PARTASSIGNMENT1-1

      Node Label     U.Magnitude            U.U1            U.U2
                          @Loc 1          @Loc 1          @Loc 1
-----------------------------------------------------------------
               1         7.45972     186.432E-03        -7.45739
               2         6.99384     186.091E-03        -6.99136
               3         6.52965     185.121E-03        -6.52702
               4         6.06868     183.501E-03        -6.06591
               5         5.61258     181.232E-03        -5.60965
               6         5.16296     178.315E-03        -5.15988
               7         4.72145     174.751E-03        -4.71821
               8         4.28966     170.538E-03        -4.28627
               9         3.86921     165.677E-03        -3.86566
              10         3.46173     160.167E-03        -3.45802
              11         3.06883     154.010E-03        -3.06496
              12         2.69214     147.204E-03        -2.68811
              13         2.33327     139.751E-03        -2.32908
              14         1.99384     131.649E-03        -1.98949
              15         1.67548     122.899E-03        -1.67097
              16         1.37981     113.501E-03        -1.37513
              17         1.10844     103.454E-03        -1.10360
              18     862.999E-03     92.7598E-03    -857.999E-03
              19     645.100E-03     81.4172E-03    -639.941E-03
              20     456.362E-03     69.4266E-03    -451.050E-03
              21     298.397E-03     56.7874E-03    -292.944E-03
              22     172.820E-03     43.5004E-03    -167.256E-03
              23     81.1219E-03     29.5704E-03    -75.5404E-03
              24     24.7562E-03     14.9413E-03    -19.7390E-03
              25              0.     1.16852E-33    -492.535E-36
              26         7.45794     93.1985E-03        -7.45736
              27         6.99196     93.0285E-03        -6.99134
              28         6.52762     92.5468E-03        -6.52696
              29         6.06651     91.7350E-03        -6.06582
              30         5.61027     90.6012E-03        -5.60954
              31         5.16051     89.1428E-03        -5.15974
              32         4.71885     87.3604E-03        -4.71804
              33         4.28691     85.2539E-03        -4.28606
              34         3.86632     82.8233E-03        -3.86543
              35         3.45868     80.0687E-03        -3.45776
              36         3.06564     76.9900E-03        -3.06467
              37         2.68879     73.5872E-03        -2.68779
              38         2.32977     69.8604E-03        -2.32873
              39         1.99020     65.8095E-03        -1.98911
              40         1.67169     61.4345E-03        -1.67056
              41         1.37587     56.7354E-03        -1.37470
              42         1.10435     51.7122E-03        -1.10314
              43     858.756E-03     46.3650E-03    -857.503E-03
              44     640.710E-03     40.6938E-03    -639.416E-03
              45     451.830E-03     34.6979E-03    -450.495E-03
              46     293.737E-03     28.3807E-03    -292.363E-03
              47     168.045E-03     21.7285E-03    -166.634E-03
              48     76.3850E-03     14.7913E-03    -74.9392E-03
              49     20.2966E-03     7.40730E-03    -18.8966E-03
              50              0.     662.957E-36     310.596E-36
              51         7.45734    -83.2667E-15        -7.45734
              52         6.99134    -81.3100E-15        -6.99134
              53         6.52694    -83.2667E-15        -6.52694
              54         6.06579    -87.9136E-15        -6.06579
              55         5.60950    -87.9609E-15        -5.60950
              56         5.15969    -87.3190E-15        -5.15969
              57         4.71798    -84.5712E-15        -4.71798
              58         4.28599    -80.7132E-15        -4.28599
              59         3.86535    -75.1066E-15        -3.86535
              60         3.45767    -71.3041E-15        -3.45767
              61         3.06457    -66.4226E-15        -3.06457
              62         2.68768    -62.0892E-15        -2.68768
              63         2.32861    -58.3041E-15        -2.32861
              64         1.98899    -55.0393E-15        -1.98899
              65         1.67043    -51.3426E-15        -1.67043
              66         1.37455    -46.8859E-15        -1.37455
              67         1.10298    -42.3064E-15        -1.10298
              68     857.338E-03    -37.1309E-15    -857.338E-03
              69     639.241E-03    -32.0230E-15    -639.241E-03
              70     450.311E-03    -26.7672E-15    -450.311E-03
              71     292.168E-03    -21.3475E-15    -292.168E-03
              72     166.429E-03    -16.0432E-15    -166.429E-03
              73     74.7356E-03    -10.6703E-15    -74.7356E-03
              74     18.6189E-03    -5.19417E-15    -18.6189E-03
              75              0.             -0.     313.879E-36
              76         7.45794    -93.1985E-03        -7.45736
              77         6.99196    -93.0285E-03        -6.99134
              78         6.52762    -92.5468E-03        -6.52696
              79         6.06651    -91.7350E-03        -6.06582
              80         5.61027    -90.6012E-03        -5.60954
              81         5.16051    -89.1428E-03        -5.15974
              82         4.71885    -87.3604E-03        -4.71804
              83         4.28691    -85.2539E-03        -4.28606
              84         3.86632    -82.8233E-03        -3.86543
              85         3.45868    -80.0687E-03        -3.45776
              86         3.06564    -76.9900E-03        -3.06467
              87         2.68879    -73.5872E-03        -2.68779
              88         2.32977    -69.8604E-03        -2.32873
              89         1.99020    -65.8095E-03        -1.98911
              90         1.67169    -61.4345E-03        -1.67056
              91         1.37587    -56.7354E-03        -1.37470
              92         1.10435    -51.7122E-03        -1.10314
              93     858.756E-03    -46.3650E-03    -857.503E-03
              94     640.710E-03    -40.6938E-03    -639.416E-03
              95     451.830E-03    -34.6979E-03    -450.495E-03
              96     293.737E-03    -28.3807E-03    -292.363E-03
              97     168.045E-03    -21.7285E-03    -166.634E-03
              98     76.3850E-03    -14.7913E-03    -74.9392E-03
              99     20.2966E-03    -7.40730E-03    -18.8966E-03
             100              0.    -662.957E-36     310.596E-36
             101         7.45972    -186.432E-03        -7.45739
             102         6.99384    -186.091E-03        -6.99136
             103         6.52965    -185.121E-03        -6.52702
             104         6.06868    -183.501E-03        -6.06591
             105         5.61258    -181.232E-03        -5.60965
             106         5.16296    -178.315E-03        -5.15988
             107         4.72145    -174.751E-03        -4.71821
             108         4.28966    -170.538E-03        -4.28627
             109         3.86921    -165.677E-03        -3.86566
             110         3.46173    -160.167E-03        -3.45802
             111         3.06883    -154.010E-03        -3.06496
             112         2.69214    -147.204E-03        -2.68811
             113         2.33327    -139.751E-03        -2.32908
             114         1.99384    -131.649E-03        -1.98949
             115         1.67548    -122.899E-03        -1.67097
             116         1.37981    -113.501E-03        -1.37513
             117         1.10844    -103.454E-03        -1.10360
             118     862.999E-03    -92.7598E-03    -857.999E-03
             119     645.100E-03    -81.4172E-03    -639.941E-03
             120     456.362E-03    -69.4266E-03    -451.050E-03
             121     298.397E-03    -56.7874E-03    -292.944E-03
             122     172.820E-03    -43.5004E-03    -167.256E-03
             123     81.1219E-03    -29.5704E-03    -75.5404E-03
             124     24.7562E-03    -14.9413E-03    -19.7390E-03
             125              0.    -1.16852E-33    -492.535E-36


  Minimum                     0.    -186.432E-03        -7.45739
         At Node             125             101             101

  Maximum                7.45972     186.432E-03     313.879E-36
         At Node             101               1              75

           Total         354.543    -1.35625E-12        -354.299


