********************************************************************************
Field Output Report, written Thu Apr 12 23:15:23 2018

Source 1
---------

   ODB: /home/fe1/Desktop/FiniteElementsAnalysis/assignment1/CPS4R_2_12/CPS4R_2_12.odb
   Step: Load
   Frame: Increment      1: Step Time =    1.000

Loc 1 : Nodal values from source 1

Output sorted by column "Node Label".

Field Output reported at nodes for part: PARTASSIGNMENT1-1

      Node Label     U.Magnitude            U.U1            U.U2
                          @Loc 1          @Loc 1          @Loc 1
-----------------------------------------------------------------
               1         15.7851     395.032E-03        -15.7802
               2         13.8184     392.253E-03        -13.8128
               3         11.8761     384.062E-03        -11.8699
               4         9.99173     370.301E-03        -9.98486
               5         8.18657     351.145E-03        -8.17904
               6         6.49435     326.400E-03        -6.48614
               7         4.93605     296.280E-03        -4.92715
               8         3.54571     260.552E-03        -3.53612
               9         2.34400     219.468E-03        -2.33370
              10         1.36526     172.755E-03        -1.35429
              11     629.833E-03     120.708E-03    -618.158E-03
              12     172.062E-03     63.0100E-03    -160.110E-03
              13              0.     1.50000E-33    -47.7650E-36
              14         15.7817    -48.4057E-15        -15.7817
              15         13.8111    -121.125E-15        -13.8111
              16         11.8711    -63.0607E-15        -11.8711
              17         9.98281    -105.331E-15        -9.98281
              18         8.17997    -66.9009E-15        -8.17997
              19         6.48369    -83.4888E-15        -6.48369
              20         4.92783    -60.6182E-15        -4.92783
              21         3.53326    -57.8426E-15        -3.53326
              22         2.33414    -45.9355E-15        -2.33414
              23         1.35100    -32.8680E-15        -1.35100
              24     618.369E-03    -24.8681E-15    -618.369E-03
              25     156.385E-03    -9.00001E-15    -156.385E-03
              26              0.             -0.     45.5299E-36
              27         15.7851    -395.032E-03        -15.7802
              28         13.8184    -392.253E-03        -13.8128
              29         11.8761    -384.062E-03        -11.8699
              30         9.99173    -370.301E-03        -9.98486
              31         8.18657    -351.145E-03        -8.17904
              32         6.49435    -326.400E-03        -6.48614
              33         4.93605    -296.280E-03        -4.92715
              34         3.54571    -260.552E-03        -3.53612
              35         2.34400    -219.468E-03        -2.33370
              36         1.36526    -172.755E-03        -1.35429
              37     629.833E-03    -120.708E-03    -618.158E-03
              38     172.062E-03    -63.0100E-03    -160.110E-03
              39              0.    -1.50000E-33    -47.7650E-36


  Minimum                     0.    -395.032E-03        -15.7817
         At Node              39              27              14

  Maximum                15.7851     395.032E-03     45.5299E-36
         At Node              27               1              26

           Total         237.322    -718.980E-15        -237.116


