********************************************************************************
Field Output Report, written Thu Apr 12 23:29:54 2018

Source 1
---------

   ODB: /home/fe1/Desktop/FiniteElementsAnalysis/assignment1/CPS8R_2_12/CPS8R_2_12.odb
   Step: Load
   Frame: Increment      1: Step Time =    1.000

Loc 1 : Nodal values from source 1

Output sorted by column "Node Label".

Field Output reported at nodes for part: PARTASSIGNMENT1-1

      Node Label     U.Magnitude            U.U1            U.U2
                          @Loc 1          @Loc 1          @Loc 1
-----------------------------------------------------------------
               1         11.9859     299.593E-03        -11.9821
               2         10.4913     297.479E-03        -10.4871
               3         9.01768     291.233E-03        -9.01298
               4         7.58571     280.813E-03        -7.58051
               5         6.21625     266.230E-03        -6.21055
               6         4.93013     247.481E-03        -4.92391
               7         3.74817     224.567E-03        -3.74144
               8         2.69122     197.487E-03        -2.68396
               9         1.78007     166.247E-03        -1.77229
              10         1.03558     130.832E-03        -1.02728
              11     478.487E-03     91.2991E-03    -469.696E-03
              12     129.506E-03     47.4567E-03    -120.497E-03
              13              0.     859.188E-36    -814.624E-36
              14         11.9819    -419.477E-15        -11.9819
              15         10.4869    -415.404E-15        -10.4869
              16         9.01266    -394.518E-15        -9.01266
              17         7.58011    -356.548E-15        -7.58011
              18         6.21006    -329.181E-15        -6.21006
              19         4.92334    -299.697E-15        -4.92334
              20         3.74079    -263.414E-15        -3.74079
              21         2.68325    -225.037E-15        -2.68325
              22         1.77156    -182.868E-15        -1.77156
              23         1.02656    -136.843E-15        -1.02656
              24     469.073E-03    -90.8050E-15    -469.073E-03
              25     120.070E-03    -45.6692E-15    -120.070E-03
              26              0.             -0.    -1.15237E-33
              27         11.9859    -299.593E-03        -11.9821
              28         10.4913    -297.479E-03        -10.4871
              29         9.01768    -291.233E-03        -9.01298
              30         7.58571    -280.813E-03        -7.58051
              31         6.21625    -266.230E-03        -6.21055
              32         4.93013    -247.481E-03        -4.92391
              33         3.74817    -224.567E-03        -3.74144
              34         2.69122    -197.487E-03        -2.68396
              35         1.78007    -166.247E-03        -1.77229
              36         1.03558    -130.832E-03        -1.02728
              37     478.487E-03    -91.2991E-03    -469.696E-03
              38     129.506E-03    -47.4567E-03    -120.497E-03
              39              0.    -859.188E-36    -814.624E-36
              40         11.2372     299.033E-03        -11.2332
              41         10.4880     148.720E-03        -10.4870
              42         11.2332    -427.249E-15        -11.2332
              43         11.9830     149.755E-03        -11.9820
              44         9.75053     294.862E-03        -9.74607
              45         9.01394     145.591E-03        -9.01276
              46         9.74593    -396.350E-15        -9.74593
              47         8.29515     286.532E-03        -8.29020
              48         7.58152     140.383E-03        -7.58022
              49         8.28991    -372.813E-15        -8.28991
              50         6.89186     274.032E-03        -6.88641
              51         6.21160     133.091E-03        -6.21018
              52         6.88597    -350.164E-15        -6.88597
              53         5.56149     257.365E-03        -5.55553
              54         4.92502     123.716E-03        -4.92347
              55         5.55496    -316.673E-15        -5.55496
              56         4.32488     236.531E-03        -4.31841
              57         3.74261     112.259E-03        -3.74093
              58         4.31769    -278.352E-15        -4.31769
              59         3.20287     211.529E-03        -3.19587
              60         2.68520     98.7196E-03        -2.68339
              61         3.19500    -240.230E-15        -3.19500
              62         2.21627     182.360E-03        -2.20876
              63         1.77363     83.0990E-03        -1.77168
              64         2.20772    -199.266E-15        -2.20772
              65         1.38594     149.023E-03        -1.37790
              66         1.02871     65.3926E-03        -1.02663
              67         1.37668    -157.874E-15        -1.37668
              68     732.697E-03     111.511E-03    -724.161E-03
              69     471.312E-03     45.6242E-03    -469.099E-03
              70     722.728E-03    -112.875E-15    -722.728E-03
              71     277.225E-03     69.8564E-03    -268.279E-03
              72     122.161E-03     23.7033E-03    -119.839E-03
              73     266.586E-03    -67.3558E-15    -266.586E-03
              74     39.5352E-03     23.9154E-03    -31.4816E-03
              75              0.     1.28162E-33     1.36581E-33
              76     29.4812E-03    -22.1503E-15    -29.4812E-03
              77         10.4880    -148.720E-03        -10.4870
              78         11.2372    -299.033E-03        -11.2332
              79         11.9830    -149.755E-03        -11.9820
              80         9.01394    -145.591E-03        -9.01276
              81         9.75053    -294.862E-03        -9.74607
              82         7.58152    -140.383E-03        -7.58022
              83         8.29515    -286.532E-03        -8.29020
              84         6.21160    -133.091E-03        -6.21018
              85         6.89186    -274.032E-03        -6.88641
              86         4.92502    -123.716E-03        -4.92347
              87         5.56149    -257.365E-03        -5.55553
              88         3.74261    -112.259E-03        -3.74093
              89         4.32488    -236.531E-03        -4.31841
              90         2.68520    -98.7196E-03        -2.68339
              91         3.20287    -211.529E-03        -3.19587
              92         1.77363    -83.0990E-03        -1.77168
              93         2.21627    -182.360E-03        -2.20876
              94         1.02871    -65.3926E-03        -1.02663
              95         1.38594    -149.023E-03        -1.37790
              96     471.312E-03    -45.6242E-03    -469.099E-03
              97     732.697E-03    -111.511E-03    -724.161E-03
              98     122.161E-03    -23.7033E-03    -119.839E-03
              99     277.225E-03    -69.8564E-03    -268.279E-03
             100              0.    -1.28162E-33     1.36581E-33
             101     39.5352E-03    -23.9154E-03    -31.4816E-03


  Minimum                     0.    -299.593E-03        -11.9821
         At Node             100              27              27

  Maximum                11.9859     299.593E-03     1.36581E-33
         At Node              27               1             100

           Total         461.897    -6.10090E-12        -461.544


