Analysis initiated from SIMULIA established products
Abaqus JOB Job-1
Abaqus 3DEXPERIENCE R2016x
Abaqus License Manager checked out the following licenses:
Abaqus/Standard checked out 5 tokens from Flexnet server 130.92.125.156.
<475 out of 480 licenses remain available>.
Begin Analysis Input File Processor
Thu Apr 26 20:16:09 2018
Run pre
Thu Apr 26 20:16:12 2018
End Analysis Input File Processor
Begin Abaqus/Standard Analysis
Thu Apr 26 20:16:12 2018
Run standard
Thu Apr 26 20:16:25 2018
Begin MFS->SFS and SIM cleanup
Thu Apr 26 20:16:25 2018
Run SMASimUtility
Thu Apr 26 20:16:25 2018
End MFS->SFS and SIM cleanup
Abaqus Error: Abaqus/Standard Analysis exited with an error - Please see the 
message file for possible error messages if the file exists.
Abaqus/Analysis exited with errors
