Analysis initiated from SIMULIA established products
Abaqus JOB CPS8_4_24
Abaqus 3DEXPERIENCE R2016x
Abaqus License Manager checked out the following licenses:
Abaqus/Standard checked out 5 tokens from Flexnet server 130.92.125.156.
<475 out of 480 licenses remain available>.
Begin Analysis Input File Processor
Thu Apr 12 23:47:06 2018
Run pre
Thu Apr 12 23:47:09 2018
End Analysis Input File Processor
Begin Abaqus/Standard Analysis
Thu Apr 12 23:47:09 2018
Run standard
Thu Apr 12 23:47:11 2018
End Abaqus/Standard Analysis
Begin MFS->SFS and SIM cleanup
Thu Apr 12 23:47:11 2018
Run SMASimUtility
Thu Apr 12 23:47:11 2018
End MFS->SFS and SIM cleanup
Abaqus JOB CPS8_4_24 COMPLETED
